11:39:00.570 [background-preinit] INFO  o.h.validator.internal.util.Version - HV000001: Hibernate Validator 8.0.1.Final
11:39:00.597 [restartedMain] INFO  ir.Spring03Application - Starting Spring03Application using Java 20.0.2 with PID 108992 (D:\JAVA\MFT learning\projects\Spring\ticketing_spring\target\classes started by arbab in D:\JAVA\MFT learning\projects\Spring\ticketing_spring)
11:39:00.598 [restartedMain] INFO  ir.Spring03Application - No active profile set, falling back to 1 default profile: "default"
11:39:00.648 [restartedMain] INFO  o.s.b.d.e.DevToolsPropertyDefaultsPostProcessor - Devtools property defaults active! Set 'spring.devtools.add-properties' to 'false' to disable
11:39:00.649 [restartedMain] INFO  o.s.b.d.e.DevToolsPropertyDefaultsPostProcessor - For additional web related logging consider setting the 'logging.level.web' property to 'DEBUG'
11:39:01.288 [restartedMain] INFO  o.s.d.r.c.RepositoryConfigurationDelegate - Bootstrapping Spring Data JPA repositories in DEFAULT mode.
11:39:01.337 [restartedMain] INFO  o.s.d.r.c.RepositoryConfigurationDelegate - Finished Spring Data repository scanning in 43 ms. Found 4 JPA repository interfaces.
11:39:01.868 [restartedMain] INFO  o.s.b.w.e.tomcat.TomcatWebServer - Tomcat initialized with port 80 (http)
11:39:01.875 [restartedMain] INFO  o.a.coyote.http11.Http11NioProtocol - Initializing ProtocolHandler ["http-nio-80"]
11:39:01.877 [restartedMain] INFO  o.a.catalina.core.StandardService - Starting service [Tomcat]
11:39:01.877 [restartedMain] INFO  o.a.catalina.core.StandardEngine - Starting Servlet engine: [Apache Tomcat/10.1.30]
11:39:01.911 [restartedMain] INFO  o.a.c.c.C.[Tomcat].[localhost].[/] - Initializing Spring embedded WebApplicationContext
11:39:01.912 [restartedMain] INFO  o.s.b.w.s.c.ServletWebServerApplicationContext - Root WebApplicationContext: initialization completed in 1263 ms
11:39:01.944 [restartedMain] INFO  com.zaxxer.hikari.HikariDataSource - HikariPool-1 - Starting...
11:39:02.086 [restartedMain] INFO  com.zaxxer.hikari.pool.HikariPool - HikariPool-1 - Added connection conn0: url=jdbc:h2:mem:mft_db user=SA
11:39:02.088 [restartedMain] INFO  com.zaxxer.hikari.HikariDataSource - HikariPool-1 - Start completed.
11:39:02.097 [restartedMain] INFO  o.s.b.a.h.H2ConsoleAutoConfiguration - H2 console available at '/h2-console'. Database available at 'jdbc:h2:mem:mft_db'
11:39:02.221 [restartedMain] INFO  o.h.jpa.internal.util.LogHelper - HHH000204: Processing PersistenceUnitInfo [name: default]
11:39:02.259 [restartedMain] INFO  org.hibernate.Version - HHH000412: Hibernate ORM core version 6.4.10.Final
11:39:02.282 [restartedMain] INFO  o.h.c.i.RegionFactoryInitiator - HHH000026: Second-level cache disabled
11:39:02.462 [restartedMain] INFO  o.s.o.j.p.SpringPersistenceUnitInfo - No LoadTimeWeaver setup: ignoring JPA class transformer
11:39:03.391 [restartedMain] INFO  o.h.e.t.j.p.i.JtaPlatformInitiator - HHH000489: No JTA platform available (set 'hibernate.transaction.jta.platform' to enable JTA platform integration)
11:39:03.438 [restartedMain] INFO  o.s.o.j.LocalContainerEntityManagerFactoryBean - Initialized JPA EntityManagerFactory for persistence unit 'default'
11:39:03.854 [restartedMain] WARN  o.s.b.a.o.j.JpaBaseConfiguration$JpaWebConfiguration - spring.jpa.open-in-view is enabled by default. Therefore, database queries may be performed during view rendering. Explicitly configure spring.jpa.open-in-view to disable this warning
11:39:03.950 [restartedMain] INFO  ir.aop.ExceptionHandler - addViewControllersTry/Catch -------> ok
11:39:04.205 [restartedMain] INFO  o.s.s.web.DefaultSecurityFilterChain - Will secure any request with [org.springframework.security.web.session.DisableEncodeUrlFilter@4fd64608, org.springframework.security.web.context.request.async.WebAsyncManagerIntegrationFilter@7787ce3d, org.springframework.security.web.context.SecurityContextHolderFilter@516623c7, org.springframework.security.web.header.HeaderWriterFilter@1469bef6, org.springframework.security.web.authentication.logout.LogoutFilter@4eec5822, org.springframework.security.web.authentication.UsernamePasswordAuthenticationFilter@2c1efea7, org.springframework.security.web.savedrequest.RequestCacheAwareFilter@714b4f3d, org.springframework.security.web.servletapi.SecurityContextHolderAwareRequestFilter@575cede, org.springframework.security.web.authentication.AnonymousAuthenticationFilter@14b51075, org.springframework.security.web.access.ExceptionTranslationFilter@64b0b134, org.springframework.security.web.access.intercept.AuthorizationFilter@59cc9b9]
11:39:04.205 [restartedMain] INFO  ir.aop.ExceptionHandler - securityFilterChainTry/Catch -------> ok
11:39:04.207 [restartedMain] INFO  ir.aop.ExceptionHandler - webSecurityCustomizerTry/Catch -------> ok
11:39:04.213 [restartedMain] INFO  ir.aop.ExceptionHandler - customizeTry/Catch -------> ok
11:39:04.213 [restartedMain] WARN  o.s.s.c.a.web.builders.WebSecurity - You are asking Spring Security to ignore Deferred [Mvc [pattern='/h2-console/**'], Ant [pattern='/h2-console/**']]. This is not recommended -- please use permitAll via HttpSecurity#authorizeHttpRequests instead.
11:39:04.213 [restartedMain] INFO  o.s.s.web.DefaultSecurityFilterChain - Will not secure Deferred [Mvc [pattern='/h2-console/**'], Ant [pattern='/h2-console/**']]
11:39:04.213 [restartedMain] WARN  o.s.s.c.a.web.builders.WebSecurity - You are asking Spring Security to ignore Deferred [Mvc [pattern='/'], Ant [pattern='/']]. This is not recommended -- please use permitAll via HttpSecurity#authorizeHttpRequests instead.
11:39:04.213 [restartedMain] INFO  o.s.s.web.DefaultSecurityFilterChain - Will not secure Deferred [Mvc [pattern='/'], Ant [pattern='/']]
11:39:04.472 [restartedMain] INFO  o.s.b.d.a.OptionalLiveReloadServer - LiveReload server is running on port 35729
11:39:04.502 [restartedMain] INFO  o.a.coyote.http11.Http11NioProtocol - Starting ProtocolHandler ["http-nio-80"]
11:39:04.520 [restartedMain] INFO  o.s.b.w.e.tomcat.TomcatWebServer - Tomcat started on port 80 (http) with context path ''
11:39:04.528 [restartedMain] INFO  ir.Spring03Application - Started Spring03Application in 4.188 seconds (process running for 4.933)
11:39:04.531 [restartedMain] INFO  ir.Spring03Application - Spring Boot Application Started
11:39:04.599 [restartedMain] INFO  ir.aop.ExceptionHandler - saveTry/Catch -------> ok
11:39:04.599 [restartedMain] INFO  ir.aop.ExceptionHandler - saveTry/Catch -------> ok
11:39:04.599 [restartedMain] INFO  ir.Spring03Application - Admin Role Saved
11:39:04.682 [restartedMain] INFO  ir.aop.ExceptionHandler - existsUserByUsernameTry/Catch -------> ok
11:39:04.777 [restartedMain] INFO  ir.aop.ExceptionHandler - saveTry/Catch -------> ok
11:39:04.778 [restartedMain] INFO  ir.aop.ExceptionHandler - saveTry/Catch -------> ok
11:39:04.778 [restartedMain] INFO  ir.Spring03Application - Admin User Saved
11:39:11.433 [SpringApplicationShutdownHook] INFO  o.s.o.j.LocalContainerEntityManagerFactoryBean - Closing JPA EntityManagerFactory for persistence unit 'default'
11:39:11.441 [SpringApplicationShutdownHook] WARN  o.s.b.f.s.DisposableBeanAdapter - Invocation of destroy method failed on bean with name 'inMemoryDatabaseShutdownExecutor': org.h2.jdbc.JdbcSQLNonTransientConnectionException: Database is already closed (to disable automatic closing at VM shutdown, add ";DB_CLOSE_ON_EXIT=FALSE" to the db URL) [90121-224]
11:39:11.441 [SpringApplicationShutdownHook] INFO  com.zaxxer.hikari.HikariDataSource - HikariPool-1 - Shutdown initiated...
11:39:11.442 [SpringApplicationShutdownHook] INFO  com.zaxxer.hikari.HikariDataSource - HikariPool-1 - Shutdown completed.
